<?xml version="1.0" encoding="UTF-8"?>
<testsuite xmlns:xsi="http://www.w3.org/2001/XMLSchema-instance" xsi:noNamespaceSchemaLocation="https://maven.apache.org/surefire/maven-surefire-plugin/xsd/surefire-test-report-3.0.xsd" version="3.0" name="com.example.jar.JarApplicationTests" time="3.233" tests="1" errors="0" skipped="0" failures="0">
  <properties>
[...]
</properties>
  <testcase name="contextLoads" classname="com.example.jar.JarApplicationTests" time="0.678">
    <system-out><![CDATA[15:26:02.969 [main] INFO org.springframework.test.context.support.AnnotationConfigContextLoaderUtils -- Could not detect default configuration classes for test class [com.example.jar.JarApplicationTests]: JarApplicationTests does not declare any static, non-private, non-final, nested classes annotated with @Configuration.
15:26:03.057 [main] INFO org.springframework.boot.test.context.SpringBootTestContextBootstrapper -- Found @SpringBootConfiguration com.example.jar.JarApplication for test class com.example.jar.JarApplicationTests
15:26:03.187 [main] INFO org.springframework.boot.devtools.restart.RestartApplicationListener -- Restart disabled due to context in which it is running

  .   ____          _            __ _ _
 /\\ / ___'_ __ _ _(_)_ __  __ _ \ \ \ \
( ( )\___ | '_ | '_| | '_ \/ _` | \ \ \ \
 \\/  ___)| |_)| | | | | || (_| |  ) ) ) )
  '  |____| .__|_| |_|_| |_\__, | / / / /
 =========|_|==============|___/=/_/_/_/
 :: Spring Boot ::                (v3.2.5)

2026-02-17T15:26:03.383+05:30  INFO 9768 --- [jar] [           main] com.example.jar.JarApplicationTests      : Starting JarApplicationTests using Java 21.0.8 with PID 9768 (started by hibal in C:\Users\hibal\Desktop\hex\jar)
2026-02-17T15:26:03.384+05:30  INFO 9768 --- [jar] [           main] com.example.jar.JarApplicationTests      : No active profile set, falling back to 1 default profile: "default"
2026-02-17T15:26:05.246+05:30  INFO 9768 --- [jar] [           main] o.s.b.a.e.web.EndpointLinksResolver      : Exposing 13 endpoint(s) beneath base path '/actuator'
2026-02-17T15:26:05.298+05:30  INFO 9768 --- [jar] [           main] com.example.jar.JarApplicationTests      : Started JarApplicationTests in 2.127 seconds (process running for 2.829)
]]></system-out>
    <system-err><![CDATA[WARNING: A Java agent has been loaded dynamically (C:\Users\hibal\.m2\repository\net\bytebuddy\byte-buddy-agent\1.14.13\byte-buddy-agent-1.14.13.jar)
WARNING: If a serviceability tool is in use, please run with -XX:+EnableDynamicAgentLoading to hide this warning
WARNING: If a serviceability tool is not in use, please run with -Djdk.instrument.traceUsage for more information
WARNING: Dynamic loading of agents will be disallowed by default in a future release
]]></system-err>
  </testcase>
</testsuite>